[14:22:18] [ServerMain/INFO]: Environment: authHost='https://authserver.mojang.com', accountsHost='https://api.mojang.com', sessionHost='https://sessionserver.mojang.com', servicesHost='https://api.minecraftservices.com', name='PROD'
[14:22:19] [ServerMain/INFO]: Loaded 7 recipes
[14:22:19] [Server thread/INFO]: Starting minecraft server version 1.20.1
[14:22:19] [Server thread/INFO]: Loading properties
[14:22:19] [Server thread/INFO]: This server is running CraftBukkit version 3871-Spigot-d2eba2c-3f9263b (MC: 1.20.1) (Implementing API version 1.20.1-R0.1-SNAPSHOT)
[14:22:20] [Server thread/INFO]: Debug logging is disabled
[14:22:20] [Server thread/INFO]: Server Ping Player Sample Count: 12
[14:22:20] [Server thread/INFO]: Using 4 threads for Netty based IO
[14:22:20] [Server thread/INFO]: Default game type: SURVIVAL
[14:22:20] [Server thread/INFO]: Generating keypair
[14:22:20] [Server thread/INFO]: Starting Minecraft server on *:25565
[14:22:20] [Server thread/INFO]: Using default channel type
[14:22:20] [Server thread/INFO]: [LuckPerms] Loading LuckPerms v5.4.131
[14:22:21] [Server thread/INFO]: [ServerListPlus] Loading ServerListPlus v3.5.0
[14:22:21] [Server thread/INFO]: [Vault] Loading Vault v1.7.3-b131
[14:22:21] [Server thread/INFO]: [Citizens] Loading Citizens v2.0.32-SNAPSHOT (build 3208)
[14:22:21] [Server thread/INFO]: [WorldEdit] Loading WorldEdit v7.3.0+6678-55745ad
[14:22:21] [Server thread/INFO]: Got request to register class com.sk89q.worldedit.bukkit.BukkitServerInterface with WorldEdit [com.sk89q.worldedit.extension.platform.PlatformManager@5c0c5329]
[14:22:21] [Server thread/INFO]: [Essentials] Loading Essentials v2.21.0-dev+121-f7a8f86
[14:22:21] [Server thread/INFO]: [EssentialsSpawn] Loading EssentialsSpawn v2.21.0-dev+121-f7a8f86
[14:22:21] [Server thread/INFO]: [GriefPrevention] Loading GriefPrevention v16.18.3
[14:22:21] [Server thread/INFO]: [EssentialsChat] Loading EssentialsChat v2.21.0-dev+121-f7a8f86
[14:22:21] [Server thread/INFO]: [TabList] Loading TabList v5.7.7
[14:22:21] [Server thread/INFO]: [LuckPerms] Enabling LuckPerms v5.4.131
[14:22:21] [Server thread/INFO]: [0;36;1m       [0;36;22m __    [m
[14:22:21] [Server thread/INFO]: [0;36;1m  |    [0;36;22m|__)   [0;32;22mLuckPerms[m [0;36;1mv5.4.131[m
[14:22:21] [Server thread/INFO]: [0;36;1m  |___ [0;36;22m|      [0;30;1mRunning on Bukkit - CraftBukkit[m
[14:22:21] [Server thread/INFO]: [m
[14:22:21] [Server thread/INFO]: [LuckPerms] Loading configuration...
[14:22:21] [Server thread/INFO]: [LuckPerms] Loading storage provider... [H2]
[14:22:21] [Server thread/INFO]: [LuckPerms] Loading internal permission managers...
[14:22:21] [Server thread/INFO]: [LuckPerms] Performing initial data load...
[14:22:21] [Server thread/INFO]: [LuckPerms] Successfully enabled. (took 654ms)
[14:22:21] [Server thread/INFO]: [Vault] Enabling Vault v1.7.3-b131
[14:22:21] [Server thread/WARN]: [Vault] Loaded class com.earth2me.essentials.api.Economy from Essentials v2.21.0-dev+121-f7a8f86 which is not a depend or softdepend of this plugin.
[14:22:21] [Server thread/INFO]: [Vault] [Economy] Essentials Economy found: Waiting
[14:22:22] [Server thread/INFO]: [Vault] [Permission] SuperPermissions loaded as backup permission system.
[14:22:22] [Server thread/INFO]: [Vault] Enabled Version 1.7.3-b131
[14:22:22] [Server thread/INFO]: [LuckPerms] Registered Vault permission & chat hook.
[14:22:22] [Server thread/INFO]: [WorldEdit] Enabling WorldEdit v7.3.0+6678-55745ad
[14:22:22] [Server thread/INFO]: Registering commands with com.sk89q.worldedit.bukkit.BukkitServerInterface
[14:22:22] [Server thread/INFO]: WEPIF: Vault detected! Using Vault for permissions
[14:22:22] [Server thread/INFO]: Using com.sk89q.worldedit.bukkit.adapter.impl.v1_20_R1.PaperweightAdapter as the Bukkit adapter
[14:22:22] [Server thread/INFO]: [WorldEdit] ====================================================
[14:22:22] [Server thread/INFO]: [WorldEdit]  WorldEdit works better if you use Paper 
[14:22:22] [Server thread/INFO]: [WorldEdit]  as your server software. 
[14:22:22] [Server thread/INFO]: [WorldEdit]   
[14:22:22] [Server thread/INFO]: [WorldEdit]  Paper offers significant performance improvements,
[14:22:22] [Server thread/INFO]: [WorldEdit]  bug fixes, security enhancements and optional
[14:22:22] [Server thread/INFO]: [WorldEdit]  features for server owners to enhance their server.
[14:22:22] [Server thread/INFO]: [WorldEdit]   
[14:22:22] [Server thread/INFO]: [WorldEdit]  Paper includes Timings v2, which is significantly
[14:22:22] [Server thread/INFO]: [WorldEdit]  better at diagnosing lag problems over v1.
[14:22:22] [Server thread/INFO]: [WorldEdit]   
[14:22:22] [Server thread/INFO]: [WorldEdit]  All of your plugins should still work, and the
[14:22:22] [Server thread/INFO]: [WorldEdit]  Paper community will gladly help you fix any issues.
[14:22:22] [Server thread/INFO]: [WorldEdit]   
[14:22:22] [Server thread/INFO]: [WorldEdit]  Join the Paper Community @ https://papermc.io
[14:22:22] [Server thread/INFO]: [WorldEdit] ====================================================
[14:22:22] [Server thread/INFO]: Preparing level "world"
[14:22:22] [Server thread/INFO]: -------- World Settings For [world] --------
[14:22:22] [Server thread/INFO]: Allow Zombie Pigmen to spawn from portal blocks: true
[14:22:22] [Server thread/INFO]: Item Merge Radius: 2.5
[14:22:22] [Server thread/INFO]: Item Despawn Rate: 6000
[14:22:22] [Server thread/INFO]: Simulation Distance: 10
[14:22:22] [Server thread/INFO]: View Distance: 10
[14:22:22] [Server thread/INFO]: Arrow Despawn Rate: 1200 Trident Respawn Rate:1200
[14:22:22] [Server thread/INFO]: Zombie Aggressive Towards Villager: true
[14:22:22] [Server thread/INFO]: Nerfing mobs spawned from spawners: false
[14:22:22] [Server thread/INFO]: Experience Merge Radius: 3.0
[14:22:22] [Server thread/INFO]: Hopper Transfer: 8 Hopper Check: 1 Hopper Amount: 1 Hopper Can Load Chunks: false
[14:22:22] [Server thread/INFO]: Mob Spawn Range: 6
[14:22:22] [Server thread/INFO]: Cactus Growth Modifier: 100%
[14:22:22] [Server thread/INFO]: Cane Growth Modifier: 100%
[14:22:22] [Server thread/INFO]: Melon Growth Modifier: 100%
[14:22:22] [Server thread/INFO]: Mushroom Growth Modifier: 100%
[14:22:22] [Server thread/INFO]: Pumpkin Growth Modifier: 100%
[14:22:22] [Server thread/INFO]: Sapling Growth Modifier: 100%
[14:22:22] [Server thread/INFO]: Beetroot Growth Modifier: 100%
[14:22:22] [Server thread/INFO]: Carrot Growth Modifier: 100%
[14:22:22] [Server thread/INFO]: Potato Growth Modifier: 100%
[14:22:22] [Server thread/INFO]: Wheat Growth Modifier: 100%
[14:22:22] [Server thread/INFO]: NetherWart Growth Modifier: 100%
[14:22:22] [Server thread/INFO]: Vine Growth Modifier: 100%
[14:22:22] [Server thread/INFO]: Cocoa Growth Modifier: 100%
[14:22:22] [Server thread/INFO]: Bamboo Growth Modifier: 100%
[14:22:22] [Server thread/INFO]: SweetBerry Growth Modifier: 100%
[14:22:22] [Server thread/INFO]: Kelp Growth Modifier: 100%
[14:22:22] [Server thread/INFO]: TwistingVines Growth Modifier: 100%
[14:22:22] [Server thread/INFO]: WeepingVines Growth Modifier: 100%
[14:22:22] [Server thread/INFO]: CaveVines Growth Modifier: 100%
[14:22:22] [Server thread/INFO]: Max TNT Explosions: 100
[14:22:22] [Server thread/INFO]: Tile Max Tick Time: 50ms Entity max Tick Time: 50ms
[14:22:22] [Server thread/INFO]: Entity Tracking Range: Pl 48 / An 48 / Mo 48 / Mi 32 / Di 128 / Other 64
[14:22:22] [Server thread/INFO]: Entity Activation Range: An 32 / Mo 32 / Ra 48 / Mi 16 / Tiv true / Isa false
[14:22:22] [Server thread/INFO]: Custom Map Seeds:  Village: 10387312 Desert: 14357617 Igloo: 14357618 Jungle: 14357619 Swamp: 14357620 Monument: 10387313 Ocean: 14357621 Shipwreck: 165745295 End City: 10387313 Slime: 987234911 Nether: 30084232 Mansion: 10387319 Fossil: 14357921 Portal: 34222645
[14:22:23] [Server thread/INFO]: -------- World Settings For [world_nether] --------
[14:22:23] [Server thread/INFO]: Allow Zombie Pigmen to spawn from portal blocks: true
[14:22:23] [Server thread/INFO]: Item Merge Radius: 2.5
[14:22:23] [Server thread/INFO]: Item Despawn Rate: 6000
[14:22:23] [Server thread/INFO]: Simulation Distance: 10
[14:22:23] [Server thread/INFO]: View Distance: 10
[14:22:23] [Server thread/INFO]: Arrow Despawn Rate: 1200 Trident Respawn Rate:1200
[14:22:23] [Server thread/INFO]: Zombie Aggressive Towards Villager: true
[14:22:23] [Server thread/INFO]: Nerfing mobs spawned from spawners: false
[14:22:23] [Server thread/INFO]: Experience Merge Radius: 3.0
[14:22:23] [Server thread/INFO]: Hopper Transfer: 8 Hopper Check: 1 Hopper Amount: 1 Hopper Can Load Chunks: false
[14:22:23] [Server thread/INFO]: Mob Spawn Range: 6
[14:22:23] [Server thread/INFO]: Cactus Growth Modifier: 100%
[14:22:23] [Server thread/INFO]: Cane Growth Modifier: 100%
[14:22:23] [Server thread/INFO]: Melon Growth Modifier: 100%
[14:22:23] [Server thread/INFO]: Mushroom Growth Modifier: 100%
[14:22:23] [Server thread/INFO]: Pumpkin Growth Modifier: 100%
[14:22:23] [Server thread/INFO]: Sapling Growth Modifier: 100%
[14:22:23] [Server thread/INFO]: Beetroot Growth Modifier: 100%
[14:22:23] [Server thread/INFO]: Carrot Growth Modifier: 100%
[14:22:23] [Server thread/INFO]: Potato Growth Modifier: 100%
[14:22:23] [Server thread/INFO]: Wheat Growth Modifier: 100%
[14:22:23] [Server thread/INFO]: NetherWart Growth Modifier: 100%
[14:22:23] [Server thread/INFO]: Vine Growth Modifier: 100%
[14:22:23] [Server thread/INFO]: Cocoa Growth Modifier: 100%
[14:22:23] [Server thread/INFO]: Bamboo Growth Modifier: 100%
[14:22:23] [Server thread/INFO]: SweetBerry Growth Modifier: 100%
[14:22:23] [Server thread/INFO]: Kelp Growth Modifier: 100%
[14:22:23] [Server thread/INFO]: TwistingVines Growth Modifier: 100%
[14:22:23] [Server thread/INFO]: WeepingVines Growth Modifier: 100%
[14:22:23] [Server thread/INFO]: CaveVines Growth Modifier: 100%
[14:22:23] [Server thread/INFO]: Max TNT Explosions: 100
[14:22:23] [Server thread/INFO]: Tile Max Tick Time: 50ms Entity max Tick Time: 50ms
[14:22:23] [Server thread/INFO]: Entity Tracking Range: Pl 48 / An 48 / Mo 48 / Mi 32 / Di 128 / Other 64
[14:22:23] [Server thread/INFO]: Entity Activation Range: An 32 / Mo 32 / Ra 48 / Mi 16 / Tiv true / Isa false
[14:22:23] [Server thread/INFO]: Custom Map Seeds:  Village: 10387312 Desert: 14357617 Igloo: 14357618 Jungle: 14357619 Swamp: 14357620 Monument: 10387313 Ocean: 14357621 Shipwreck: 165745295 End City: 10387313 Slime: 987234911 Nether: 30084232 Mansion: 10387319 Fossil: 14357921 Portal: 34222645
[14:22:23] [Server thread/INFO]: -------- World Settings For [world_the_end] --------
[14:22:23] [Server thread/INFO]: Allow Zombie Pigmen to spawn from portal blocks: true
[14:22:23] [Server thread/INFO]: Item Merge Radius: 2.5
[14:22:23] [Server thread/INFO]: Item Despawn Rate: 6000
[14:22:23] [Server thread/INFO]: Simulation Distance: 10
[14:22:23] [Server thread/INFO]: View Distance: 10
[14:22:23] [Server thread/INFO]: Arrow Despawn Rate: 1200 Trident Respawn Rate:1200
[14:22:23] [Server thread/INFO]: Zombie Aggressive Towards Villager: true
[14:22:23] [Server thread/INFO]: Nerfing mobs spawned from spawners: false
[14:22:23] [Server thread/INFO]: Experience Merge Radius: 3.0
[14:22:23] [Server thread/INFO]: Hopper Transfer: 8 Hopper Check: 1 Hopper Amount: 1 Hopper Can Load Chunks: false
[14:22:23] [Server thread/INFO]: Mob Spawn Range: 6
[14:22:23] [Server thread/INFO]: Cactus Growth Modifier: 100%
[14:22:23] [Server thread/INFO]: Cane Growth Modifier: 100%
[14:22:23] [Server thread/INFO]: Melon Growth Modifier: 100%
[14:22:23] [Server thread/INFO]: Mushroom Growth Modifier: 100%
[14:22:23] [Server thread/INFO]: Pumpkin Growth Modifier: 100%
[14:22:23] [Server thread/INFO]: Sapling Growth Modifier: 100%
[14:22:23] [Server thread/INFO]: Beetroot Growth Modifier: 100%
[14:22:23] [Server thread/INFO]: Carrot Growth Modifier: 100%
[14:22:23] [Server thread/INFO]: Potato Growth Modifier: 100%
[14:22:23] [Server thread/INFO]: Wheat Growth Modifier: 100%
[14:22:23] [Server thread/INFO]: NetherWart Growth Modifier: 100%
[14:22:23] [Server thread/INFO]: Vine Growth Modifier: 100%
[14:22:23] [Server thread/INFO]: Cocoa Growth Modifier: 100%
[14:22:23] [Server thread/INFO]: Bamboo Growth Modifier: 100%
[14:22:23] [Server thread/INFO]: SweetBerry Growth Modifier: 100%
[14:22:23] [Server thread/INFO]: Kelp Growth Modifier: 100%
[14:22:23] [Server thread/INFO]: TwistingVines Growth Modifier: 100%
[14:22:23] [Server thread/INFO]: WeepingVines Growth Modifier: 100%
[14:22:23] [Server thread/INFO]: CaveVines Growth Modifier: 100%
[14:22:23] [Server thread/INFO]: Max TNT Explosions: 100
[14:22:23] [Server thread/INFO]: Tile Max Tick Time: 50ms Entity max Tick Time: 50ms
[14:22:23] [Server thread/INFO]: Entity Tracking Range: Pl 48 / An 48 / Mo 48 / Mi 32 / Di 128 / Other 64
[14:22:23] [Server thread/INFO]: Entity Activation Range: An 32 / Mo 32 / Ra 48 / Mi 16 / Tiv true / Isa false
[14:22:23] [Server thread/INFO]: Custom Map Seeds:  Village: 10387312 Desert: 14357617 Igloo: 14357618 Jungle: 14357619 Swamp: 14357620 Monument: 10387313 Ocean: 14357621 Shipwreck: 165745295 End City: 10387313 Slime: 987234911 Nether: 30084232 Mansion: 10387319 Fossil: 14357921 Portal: 34222645
[14:22:23] [Server thread/INFO]: Preparing start region for dimension minecraft:overworld
[14:22:24] [Worker-Main-5/INFO]: Preparing spawn area: 0%
[14:22:24] [Worker-Main-7/INFO]: Preparing spawn area: 0%
[14:22:24] [Worker-Main-9/INFO]: Preparing spawn area: 0%
[14:22:24] [Worker-Main-4/INFO]: Preparing spawn area: 0%
[14:22:25] [Worker-Main-10/INFO]: Preparing spawn area: 54%
[14:22:25] [Worker-Main-9/INFO]: Preparing spawn area: 100%
[14:22:26] [Server thread/INFO]: Time elapsed: 2664 ms
[14:22:26] [Server thread/INFO]: Preparing start region for dimension minecraft:the_nether
[14:22:26] [Worker-Main-4/INFO]: Preparing spawn area: 0%
[14:22:26] [Worker-Main-3/INFO]: Preparing spawn area: 0%
[14:22:27] [Worker-Main-8/INFO]: Preparing spawn area: 0%
[14:22:27] [Server thread/INFO]: Time elapsed: 1310 ms
[14:22:27] [Server thread/INFO]: Preparing start region for dimension minecraft:the_end
[14:22:27] [Worker-Main-8/INFO]: Preparing spawn area: 0%
[14:22:27] [Worker-Main-3/INFO]: Preparing spawn area: 0%
[14:22:28] [Server thread/INFO]: Time elapsed: 959 ms
[14:22:28] [Server thread/INFO]: [ServerListPlus] Enabling ServerListPlus v3.5.0
[14:22:28] [Server thread/ERROR]: [ServerListPlus] ProtocolLib IS NOT INSTALLED! Most features will NOT work! Alternatively, consider using Paper for full functionality without ProtocolLib!
[14:22:28] [Server thread/INFO]: [ServerListPlus] [Core] Reloading configuration...
[14:22:28] [Server thread/INFO]: [ServerListPlus] [Core] Loaded configuration: ServerStatusConf
[14:22:28] [Server thread/INFO]: [ServerListPlus] [Core] Loaded configuration: PluginConf
[14:22:28] [Server thread/INFO]: [ServerListPlus] [Core] Loaded configuration: BukkitConf
[14:22:28] [Server thread/ERROR]: [ServerListPlus] ProtocolLib IS NOT INSTALLED! Most features will NOT work! Alternatively, consider using Paper for full functionality without ProtocolLib!
[14:22:28] [Server thread/INFO]: [ServerListPlus] [Core] Reloading saved player identities...
[14:22:28] [Server thread/INFO]: [ServerListPlus] Successfully loaded!
[14:22:28] [Server thread/INFO]: [ServerListPlus] ServerListPlus v3.5.0 enabled.
[14:22:28] [Server thread/INFO]: [Citizens] Enabling Citizens v2.0.32-SNAPSHOT (build 3208)
[14:22:28] [Server thread/INFO]: [Citizens] Loading external libraries
[14:22:29] [Server thread/INFO]: [Citizens] Loaded economy handling via Vault.
[14:22:29] [Server thread/INFO]: [Essentials] Enabling Essentials v2.21.0-dev+121-f7a8f86
[14:22:29] [Server thread/ERROR]: Vous utilisez une version de serveur non prise en charge !
[14:22:29] [Server thread/INFO]: Attempting to convert old kits in config.yml to new kits.yml
[14:22:29] [Server thread/INFO]: No kits found to migrate.
[14:22:29] [Server thread/INFO]: Loaded 42679 items from items.json.
[14:22:29] [Server thread/INFO]: Using locale fr_FR
[14:22:29] [Server thread/INFO]: ServerListPingEvent: Spigot iterator API
[14:22:29] [Server thread/INFO]: Starting Metrics. Opt-out using the global bStats config.
[14:22:29] [Server thread/INFO]: [Vault] [Economy] Essentials Economy hooked.
[14:22:29] [Server thread/INFO]: Using Vault based permissions (LuckPerms)
[14:22:29] [Server thread/INFO]: [EssentialsSpawn] Enabling EssentialsSpawn v2.21.0-dev+121-f7a8f86
[14:22:29] [Server thread/INFO]: Starting Metrics. Opt-out using the global bStats config.
[14:22:29] [Server thread/INFO]: [GriefPrevention] Enabling GriefPrevention v16.18.3
[14:22:29] [Server thread/INFO]: [GriefPrevention] Finished loading configuration.
[14:22:29] [Server thread/INFO]: [GriefPrevention] 0 total claims loaded.
[14:22:29] [Server thread/INFO]: [GriefPrevention] Customizable messages loaded.
[14:22:29] [Server thread/INFO]: [GriefPrevention] Finished loading data (File Mode).
[14:22:29] [Server thread/INFO]: [GriefPrevention] Boot finished.
[14:22:29] [Server thread/INFO]: [EssentialsChat] Enabling EssentialsChat v2.21.0-dev+121-f7a8f86
[14:22:29] [Server thread/INFO]: Starting Metrics. Opt-out using the global bStats config.
[14:22:29] [Server thread/INFO]: [TabList] Enabling TabList v5.7.7
[14:22:29] [Server thread/INFO]: [TabList] v5.7.7 on v1_20_1 (49ms)
[14:22:29] [Server thread/INFO]: Server permissions file permissions.yml is empty, ignoring it
[14:22:29] [Server thread/INFO]: Done (7.289s)! For help, type "help"
[14:22:29] [Server thread/INFO]: Essentials found a compatible payment resolution method: Vault Compatibility Layer (v1.7.3-b131)!
[14:22:30] [Craft Scheduler Thread - 0/INFO]: §6Récupération des informations de version...
[14:22:30] [Server thread/INFO]: [Citizens] Chargement de 6 NPCs.
[14:22:30] [Craft Scheduler Thread - 1/INFO]: [Vault] Checking for Updates ... 
[14:22:30] [Craft Scheduler Thread - 1/INFO]: [Vault] No new version available
[14:23:07] [User Authenticator #1/INFO]: UUID of player MahouIryoku is 1aec48be-b10c-4c24-884c-55363213b6bf
[14:23:07] [Server thread/INFO]: MahouIryoku joined the game
[14:23:07] [Server thread/INFO]: MahouIryoku[/192.168.0.44:63935] logged in with entity id 285 at ([world]-1390.9757584426789, 68.0, -89.89674488764248)
[14:46:58] [Server thread/INFO]: MahouIryoku lost connection: Disconnected
[14:46:58] [Server thread/INFO]: MahouIryoku left the game
[14:48:42] [User Authenticator #2/INFO]: UUID of player MahouIryoku is 1aec48be-b10c-4c24-884c-55363213b6bf
[14:48:42] [Server thread/INFO]: MahouIryoku joined the game
[14:48:42] [Server thread/INFO]: MahouIryoku[/192.168.0.44:64138] logged in with entity id 2430 at ([world]-1391.710940681033, 70.53361346827761, -101.41595317470191)
[16:09:05] [Server thread/INFO]: Unknown command. Type "/help" for help.[m
[16:09:14] [Server thread/INFO]: Unknown command. Type "/help" for help.[m
[16:09:18] [Server thread/INFO]: Unknown command. Type "/help" for help.[m
[16:09:47] [Server thread/INFO]: MahouIryoku lost connection: Disconnected
[16:09:47] [Server thread/INFO]: MahouIryoku left the game
[16:09:58] [Server thread/INFO]: Stopping the server
[16:09:58] [Server thread/INFO]: Stopping server
[16:09:58] [Server thread/INFO]: [TabList] Disabling TabList v5.7.7
[16:09:58] [Server thread/INFO]: Disabling EssentialsChat v2.21.0-dev+121-f7a8f86
[16:09:58] [Server thread/INFO]: [GriefPrevention] Disabling GriefPrevention v16.18.3
[16:09:58] [Server thread/INFO]: [GriefPrevention] GriefPrevention disabled.
[16:09:58] [Server thread/INFO]: Disabling EssentialsSpawn v2.21.0-dev+121-f7a8f86
[16:09:58] [Server thread/INFO]: Disabling Essentials v2.21.0-dev+121-f7a8f86
[16:09:58] [Server thread/INFO]: [Vault] [Economy] Essentials Economy unhooked.
[16:09:58] [Server thread/INFO]: [WorldEdit] Disabling WorldEdit v7.3.0+6678-55745ad
[16:09:58] [Server thread/INFO]: Unregistering com.sk89q.worldedit.bukkit.BukkitServerInterface from WorldEdit
[16:09:58] [Server thread/INFO]: [Citizens] Disabling Citizens v2.0.32-SNAPSHOT (build 3208)
[16:09:58] [Server thread/INFO]: [Vault] Disabling Vault v1.7.3-b131
[16:09:58] [Server thread/INFO]: [ServerListPlus] Disabling ServerListPlus v3.5.0
[16:09:58] [Server thread/INFO]: [ServerListPlus] ServerListPlus v3.5.0 disabled.
[16:09:58] [Server thread/INFO]: [LuckPerms] Disabling LuckPerms v5.4.131
[16:09:58] [Server thread/INFO]: [LuckPerms] Starting shutdown process...
[16:09:58] [Server thread/INFO]: [LuckPerms] Closing storage...
[16:09:58] [Server thread/INFO]: [LuckPerms] Goodbye!
[16:09:58] [Server thread/INFO]: Saving players
[16:09:58] [Server thread/INFO]: Saving worlds
[16:09:59] [Server thread/INFO]: Saving chunks for level 'ServerLevel[world]'/minecraft:overworld
[16:09:59] [Server thread/INFO]: Saving chunks for level 'ServerLevel[world_nether]'/minecraft:the_nether
[16:09:59] [Server thread/INFO]: Saving chunks for level 'ServerLevel[world_the_end]'/minecraft:the_end
[16:09:59] [Server thread/INFO]: ThreadedAnvilChunkStorage (world): All chunks are saved
[16:09:59] [Server thread/INFO]: ThreadedAnvilChunkStorage (DIM-1): All chunks are saved
[16:09:59] [Server thread/INFO]: ThreadedAnvilChunkStorage (DIM1): All chunks are saved
[16:09:59] [Server thread/INFO]: ThreadedAnvilChunkStorage: All dimensions are saved
