11:44 MahouIryoku: bonjour
11:44 MahouIryoku: coucou !!
11:48 MahouIryoku: Bonjour
11:48 MahouIryoku: Bonjour
11:49 MahouIryoku: Bonjour
11:49 MahouIryoku: bonjour
11:50 MahouIryoku: Bonjour
11:52 MahouIryoku: bonjour
11:52 MahouIryoku: bonjour
11:52 MahouIryoku: bonjour
11:53 MahouIryoku: bonjour
11:54 MahouIryoku: bonjour
11:54 MahouIryoku: bonjour
11:54 MahouIryoku: bonjour
11:55 MahouIryoku: bonjour
11:56 MahouIryoku: bonjour
11:56 MahouIryoku: bonjour
11:57 MahouIryoku: bonjour
11:57 MahouIryoku: bonjour
11:58 MahouIryoku: bonjour
11:58 MahouIryoku: bonjour
11:59 MahouIryoku: bonjour
11:59 MahouIryoku: bonjour
12:03 MahouIryoku: bonjour
12:05 MahouIryoku: bonjour
12:08 MahouIryoku: bonjour
12:08 MahouIryoku: bonjour
12:09 MahouIryoku: bonjour
12:11 MahouIryoku: bonjour
12:13 MahouIryoku: bonjour
12:13 MahouIryoku: bonjour
12:17 MahouIryoku: bonjour
12:35 MahouIryoku: bonjour
13:41 MahouIryoku: bonjour
16:32 MahouIryoku: bonjout
16:36 MahouIryoku: bonjour
16:37 MahouIryoku: bonjour
16:38 MahouIryoku: bonjour
16:38 MahouIryoku: bonjour
16:38 MahouIryoku: bonjour
16:39 MahouIryoku: bonjour
16:39 MahouIryoku: bonjour
16:40 MahouIryoku: bonjour
16:40 MahouIryoku: bonjour
16:40 MahouIryoku: gg
16:42 MahouIryoku: bonjour
16:42 MahouIryoku: bonjour
16:45 MahouIryoku: bonjour
16:46 MahouIryoku: bonjour
16:47 MahouIryoku: bonjour
16:47 MahouIryoku: bonjour
16:48 MahouIryoku: bonjour
16:48 MahouIryoku: bonjour
16:50 MahouIryoku: bonjour
16:51 MahouIryoku: bonjour
16:52 MahouIryoku: bonjour
16:53 MahouIryoku: bonjour
16:55 MahouIryoku: bonjour
16:55 MahouIryoku: bonjour
16:57 MahouIryoku: bonjour
17:07 MahouIryoku: bonjour
17:10 MahouIryoku: bonjour
17:13 MahouIryoku: bonjour
17:15 MahouIryoku: bonjour
17:15 MahouIryoku: bonjour
17:16 MahouIryoku: bonjour
17:18 MahouIryoku: bonjour
17:18 MahouIryoku: bonjour
17:19 MahouIryoku: bonjour
17:19 MahouIryoku: bonjour
17:19 MahouIryoku: bonjour
17:21 MahouIryoku: bonjour
17:23 MahouIryoku: bonjour
17:23 MahouIryoku: bonjour
17:24 MahouIryoku: bonjour
17:25 MahouIryoku: bonjour
17:25 MahouIryoku: bonjour
17:26 MahouIryoku: bonjour
17:27 MahouIryoku: bonjour
17:28 MahouIryoku: bonjour
17:28 MahouIryoku: bonjour
17:29 MahouIryoku: bonjour
17:29 MahouIryoku: bonjour
17:30 MahouIryoku: bonjour
17:31 MahouIryoku: bonjour
17:31 MahouIryoku: bonjour
17:31 MahouIryoku: bonjour
17:32 MahouIryoku: bonjour
17:32 MahouIryoku: bonjour
17:32 MahouIryoku: bonjour
17:33 MahouIryoku: bonjour
17:33 MahouIryoku: bonjour
17:33 MahouIryoku: bonjour
17:34 MahouIryoku: bonjour
17:34 MahouIryoku: bonjour
17:39 MahouIryoku: bonjour
17:41 MahouIryoku: bonjour
17:42 MahouIryoku: bojnour
17:44 MahouIryoku: bonjour
17:44 MahouIryoku: bojouur
17:45 MahouIryoku: ls
17:47 MahouIryoku: bonjour
17:48 MahouIryoku: bonjour
17:49 MahouIryoku: bonjour
17:50 MahouIryoku: bonjour
23:55 MahouIryoku:  placed a sign @ world: x-1393, z-76
  [FREE]
  diamonds
23:55 MahouIryoku:  placed a sign @ world: x-1393, z-76
  [FREE]
  diamonds
