23:58 MahouIryoku:  placed a sign @ world: x-1393, z-76
  [trade]
  €1
  1 diamond:60
23:58 MahouIryoku:  placed a sign @ world: x-1393, z-76
  [trade]
  €1
  1 diamond:60
00:00 MahouIryoku:  placed a sign @ world: x-1394, z-89
  [free]
  diamonds
00:00 MahouIryoku:  placed a sign @ world: x-1394, z-89
  [free]
  diamonds
00:00 MahouIryoku:  placed a sign @ world: x-1394, z-89
  [free]
  diamonds
00:04 MahouIryoku:  placed a sign @ world: x-1394, z-89
  [Free]
  Diamants
00:04 MahouIryoku:  placed a sign @ world: x-1394, z-89
  [Free]
  Diamant
00:05 MahouIryoku:  placed a sign @ world: x-1394, z-89
  [Free]
  Diamond
00:07 MahouIryoku:  placed a sign @ world: x-1394, z-88
  [buy]
  Diamond
00:07 MahouIryoku:  placed a sign @ world: x-1394, z-88
  [buy]
  Diamond
00:07 MahouIryoku:  placed a sign @ world: x-1394, z-89
  [Free]
  Diamond
00:07 MahouIryoku:  placed a sign @ world: x-1394, z-89
  [Free]
  Diamond
00:09 MahouIryoku:  placed a sign @ world: x-1394, z-89
  [buy]
  Diamond
  2000
00:11 MahouIryoku:  placed a sign @ world: x-1394, z-89
  [buy]
  Diamond
  2000
00:12 MahouIryoku:  placed a sign @ world: x-1394, z-89
  [Free]
  Diamond
00:12 MahouIryoku:  placed a sign @ world: x-1394, z-89
  [Free]
  Diamond
00:12 MahouIryoku:  placed a sign @ world: x-1394, z-89
  [Buy]
  Diamond
  1000
00:12 MahouIryoku:  placed a sign @ world: x-1394, z-89
  [Buy]
  Diamond
  1000
00:19 MahouIryoku:  placed a sign @ world: x-1394, z-91
  [Free]
  Diamond
00:21 MahouIryoku:  placed a sign @ world: x-1394, z-91
  [ibuyxp]
  1000
00:25 MahouIryoku:  placed a sign @ world: x-1394, z-89
  [free]
  Diamond
00:25 MahouIryoku:  placed a sign @ world: x-1394, z-90
  [gamemode]
  survival
00:25 MahouIryoku:  placed a sign @ world: x-1394, z-91
  [gamemode]
  Creative
00:28 MahouIryoku:  placed a sign @ world: x-1394, z-90
  [gamemode]
  survival
00:28 MahouIryoku:  placed a sign @ world: x-1394, z-91
  [gamemode]
  creative
00:28 MahouIryoku:  placed a sign @ world: x-1394, z-89
  [cartography]
00:29 MahouIryoku:  placed a sign @ world: x-1394, z-89
  [balance]
00:30 MahouIryoku:  placed a sign @ world: x-1394, z-90
  [repair]
  Hand
00:38 MahouIryoku:  placed a sign @ world: x-1394, z-91
  [Money]
00:38 MahouIryoku:  placed a sign @ world: x-1394, z-91
  [Money]
00:39 MahouIryoku:  placed a sign @ world: x-1394, z-91
  [info]
00:39 MahouIryoku:  placed a sign @ world: x-1394, z-91
  [buy]
  Diamond
  1000
00:40 MahouIryoku:  placed a sign @ world: x-1394, z-91
  [buy]
  1000
  Diamond
00:40 MahouIryoku:  placed a sign @ world: x-1394, z-91
  [buy]
  Diamond
  1000
00:41 MahouIryoku:  placed a sign @ world: x-1394, z-91
  [buy]
  1
  diamond
  100
